2026-01-23 23:35:17,489-	INFO- 	Executing the main code..
2026-01-23 23:35:17,489-	INFO- 	Loading the required dataset..
2026-01-23 23:35:24,657-	INFO- 	Dataset loaded successfully.
2026-01-23 23:35:24,657-	INFO- 	Converting into dataframes
2026-01-23 23:35:25,881-	INFO- 	Creating a new coloumn named sentiment
2026-01-23 23:35:25,884-	INFO- 	Renaming the columns
2026-01-23 23:35:25,887-	INFO- 	Fetching the sample database which is required by the user
2026-01-23 23:36:48,225-	INFO- 	Executing the main code..
2026-01-23 23:37:08,259-	INFO- 	Executing the main code..
2026-01-24 12:57:04,441-	INFO- 	Executing the main code..
2026-01-24 12:57:04,441-	INFO- 	Loading the required dataset..
2026-01-24 12:57:14,053-	INFO- 	Dataset loaded successfully.
2026-01-24 12:57:14,053-	INFO- 	Converting into dataframes
2026-01-24 12:57:14,838-	INFO- 	Creating a new coloumn named sentiment
2026-01-24 12:57:14,842-	INFO- 	Renaming the columns
2026-01-24 12:57:14,846-	INFO- 	Fetching the sample database which is required by the user
2026-01-24 12:58:19,164-	INFO- 	Executing the main code..
2026-01-24 12:58:22,019-	INFO- 	Loading the required dataset..
2026-01-24 12:58:31,485-	INFO- 	Dataset loaded successfully.
2026-01-24 12:58:31,485-	INFO- 	Converting into dataframes
2026-01-24 12:58:32,509-	INFO- 	Creating a new coloumn named sentiment
2026-01-24 12:58:32,511-	INFO- 	Renaming the columns
2026-01-24 12:58:32,514-	INFO- 	Fetching the sample database which is required by the user
2026-01-24 12:58:55,116-	INFO- 	Executing the main code..
2026-01-24 12:59:11,259-	INFO- 	Executing the main code..
2026-01-24 12:59:37,445-	INFO- 	Loading the required dataset..
2026-01-24 12:59:44,313-	INFO- 	Dataset loaded successfully.
2026-01-24 12:59:44,314-	INFO- 	Converting into dataframes
2026-01-24 12:59:50,005-	INFO- 	Creating a new coloumn named sentiment
2026-01-24 12:59:50,014-	INFO- 	Renaming the columns
2026-01-24 12:59:50,028-	INFO- 	Fetching the sample database which is required by the user
2026-01-24 13:00:37,000-	INFO- 	Loading the required dataset..
2026-01-24 13:00:42,595-	INFO- 	Dataset loaded successfully.
2026-01-24 13:00:42,596-	INFO- 	Converting into dataframes
2026-01-24 13:00:48,601-	INFO- 	Creating a new coloumn named sentiment
2026-01-24 13:00:48,608-	INFO- 	Renaming the columns
2026-01-24 13:00:48,622-	INFO- 	Fetching the sample database which is required by the user
